{
  "RSpec": {
    "coverage": {
      "/home/albis/Documents/WePa/ratebeerClean/app/models/rating.rb": [
        1,
        1,
        1,
        null,
        1,
        null,
        null,
        null,
        1,
        11,
        null,
        null
      ],
      "/home/albis/Documents/WePa/ratebeerClean/app/helpers/application_helper.rb": [
        1,
        null
      ],
      "/home/albis/Documents/WePa/ratebeerClean/app/helpers/beer_clubs_helper.rb": [
        1,
        null
      ],
      "/home/albis/Documents/WePa/ratebeerClean/app/helpers/beers_helper.rb": [
        1,
        null
      ],
      "/home/albis/Documents/WePa/ratebeerClean/app/helpers/breweries_helper.rb": [
        1,
        null
      ],
      "/home/albis/Documents/WePa/ratebeerClean/app/helpers/memberships_helper.rb": [
        1,
        null
      ],
      "/home/albis/Documents/WePa/ratebeerClean/app/helpers/users_helper.rb": [
        1,
        null
      ],
      "/home/albis/Documents/WePa/ratebeerClean/app/controllers/beer_clubs_controller.rb": [
        1,
        1,
        1,
        null,
        null,
        null,
        1,
        0,
        null,
        null,
        null,
        null,
        1,
        null,
        null,
        null,
        1,
        0,
        null,
        null,
        null,
        1,
        null,
        null,
        null,
        null,
        1,
        0,
        null,
        0,
        0,
        0,
        0,
        null,
        0,
        0,
        null,
        null,
        null,
        null,
        null,
        null,
        1,
        0,
        0,
        0,
        0,
        null,
        0,
        0,
        null,
        null,
        null,
        null,
        null,
        null,
        1,
        0,
        0,
        0,
        0,
        null,
        null,
        null,
        1,
        null,
        1,
        0,
        null,
        null,
        null,
        1,
        0,
        null,
        null
      ],
      "/home/albis/Documents/WePa/ratebeerClean/app/controllers/application_controller.rb": [
        1,
        null,
        null,
        1,
        null,
        1,
        null,
        1,
        107,
        84,
        null,
        null,
        1,
        4,
        null,
        null
      ],
      "/home/albis/Documents/WePa/ratebeerClean/app/controllers/memberships_controller.rb": [
        1,
        1,
        null,
        null,
        null,
        1,
        0,
        null,
        null,
        null,
        null,
        1,
        null,
        null,
        null,
        1,
        0,
        0,
        null,
        null,
        null,
        1,
        null,
        null,
        null,
        null,
        1,
        0,
        0,
        null,
        0,
        0,
        0,
        0,
        null,
        0,
        0,
        0,
        null,
        null,
        null,
        null,
        null,
        null,
        1,
        0,
        0,
        0,
        0,
        null,
        0,
        0,
        null,
        null,
        null,
        null,
        null,
        null,
        1,
        0,
        0,
        0,
        0,
        null,
        null,
        null,
        1,
        null,
        1,
        0,
        null,
        null,
        null,
        1,
        0,
        null,
        null
      ],
      "/home/albis/Documents/WePa/ratebeerClean/app/models/beer.rb": [
        1,
        1,
        null,
        1,
        1,
        1,
        null,
        1,
        1,
        null,
        1,
        2,
        null,
        null
      ],
      "/home/albis/Documents/WePa/ratebeerClean/app/models/concerns/rating_average.rb": [
        1,
        1,
        null,
        1,
        7,
        null,
        null
      ],
      "/home/albis/Documents/WePa/ratebeerClean/app/models/brewery.rb": [
        1,
        1,
        null,
        1,
        1,
        41,
        null,
        1,
        1,
        null
      ],
      "/home/albis/Documents/WePa/ratebeerClean/app/models/user.rb": [
        1,
        1,
        null,
        1,
        null,
        1,
        1,
        1,
        1,
        null,
        1,
        null,
        null,
        1,
        null,
        1,
        null,
        1,
        3,
        2,
        null,
        null,
        1,
        22,
        12,
        null,
        null,
        1,
        22,
        12,
        null,
        null
      ],
      "/home/albis/Documents/WePa/ratebeerClean/app/controllers/sessions_controller.rb": [
        1,
        1,
        null,
        null,
        null,
        1,
        9,
        9,
        8,
        8,
        null,
        1,
        null,
        null,
        null,
        1,
        null,
        0,
        null,
        0,
        null,
        null
      ],
      "/home/albis/Documents/WePa/ratebeerClean/app/controllers/users_controller.rb": [
        1,
        1,
        null,
        null,
        null,
        1,
        0,
        null,
        null,
        null,
        null,
        1,
        null,
        null,
        null,
        1,
        1,
        null,
        null,
        null,
        1,
        null,
        null,
        null,
        null,
        1,
        1,
        null,
        1,
        1,
        2,
        1,
        null,
        0,
        0,
        null,
        null,
        null,
        null,
        null,
        null,
        1,
        0,
        0,
        0,
        0,
        null,
        0,
        0,
        null,
        null,
        null,
        null,
        null,
        null,
        1,
        0,
        0,
        0,
        null,
        0,
        0,
        0,
        null,
        null,
        null,
        1,
        null,
        1,
        14,
        null,
        null,
        null,
        1,
        1,
        null,
        null
      ],
      "/home/albis/Documents/WePa/ratebeerClean/app/models/membership.rb": [
        1,
        1,
        1,
        null
      ],
      "/home/albis/Documents/WePa/ratebeerClean/app/models/beer_club.rb": [
        1,
        1,
        1,
        null
      ],
      "/home/albis/Documents/WePa/ratebeerClean/app/controllers/beers_controller.rb": [
        1,
        1,
        1,
        1,
        null,
        null,
        null,
        1,
        1,
        null,
        null,
        null,
        null,
        1,
        null,
        null,
        null,
        1,
        2,
        null,
        null,
        null,
        1,
        null,
        null,
        null,
        null,
        1,
        2,
        null,
        2,
        2,
        2,
        1,
        null,
        2,
        1,
        null,
        null,
        null,
        null,
        null,
        null,
        1,
        0,
        0,
        0,
        0,
        null,
        0,
        0,
        null,
        null,
        null,
        null,
        null,
        null,
        1,
        0,
        0,
        0,
        0,
        null,
        null,
        null,
        1,
        null,
        1,
        0,
        null,
        null,
        null,
        1,
        2,
        null,
        null,
        1,
        4,
        4,
        null,
        null
      ],
      "/home/albis/Documents/WePa/ratebeerClean/app/controllers/breweries_controller.rb": [
        1,
        1,
        1,
        null,
        null,
        null,
        1,
        3,
        null,
        null,
        null,
        null,
        1,
        null,
        null,
        null,
        1,
        0,
        null,
        null,
        null,
        1,
        null,
        null,
        null,
        null,
        1,
        0,
        null,
        0,
        0,
        0,
        0,
        null,
        0,
        0,
        null,
        null,
        null,
        null,
        null,
        null,
        1,
        0,
        0,
        0,
        0,
        null,
        0,
        0,
        null,
        null,
        null,
        null,
        null,
        null,
        1,
        0,
        0,
        0,
        0,
        null,
        null,
        null,
        1,
        null,
        1,
        1,
        null,
        null,
        null,
        1,
        0,
        null,
        null
      ],
      "/home/albis/Documents/WePa/ratebeerClean/lib/beermapping_api.rb": [
        1,
        1,
        6,
        10,
        null,
        null,
        1,
        null,
        1,
        4,
        null,
        4,
        4,
        null,
        4,
        null,
        3,
        3,
        42,
        null,
        null,
        null,
        1,
        4,
        4,
        null,
        null
      ],
      "/home/albis/Documents/WePa/ratebeerClean/app/models/place.rb": [
        1,
        1,
        null,
        1,
        null,
        1,
        6,
        null,
        null
      ],
      "/home/albis/Documents/WePa/ratebeerClean/app/controllers/places_controller.rb": [
        1,
        null,
        1,
        null,
        null,
        1,
        3,
        3,
        1,
        null,
        2,
        null,
        null,
        null,
        1,
        null,
        1,
        0,
        null,
        null
      ],
      "/home/albis/Documents/WePa/ratebeerClean/app/controllers/ratings_controller.rb": [
        1,
        1,
        1,
        null,
        null,
        1,
        1,
        1,
        null,
        null,
        1,
        1,
        null,
        1,
        0,
        1,
        1,
        1,
        null,
        0,
        0,
        null,
        null,
        null,
        1,
        1,
        1,
        1,
        null,
        null
      ]
    },
    "timestamp": 1423581394
  }
}
